<?xml version="1.0" encoding="UTF-8"?>
<!-- Generated by org.testng.reporters.JUnitReportReporter -->
<testsuite hostname="Tams-MacBook-Air.local" failures="0" tests="1" name="org.example.AppTest" time="0.013" errors="0" timestamp="2021-05-06T10:25:55 ICT" skipped="0">
  <testcase classname="org.example.AppTest" name="shouldAnswerWithTrue" time="0.013"/>
  <system-out/>
</testsuite> <!-- org.example.AppTest -->
